[20-Mar-2024 15:01:29 UTC] PHP Warning:  Undefined array key "HTTP_HOST" in C:\Users\raymo\Local Sites\website2\app\public\wp-includes\functions.php on line 6239
[20-Mar-2024 15:01:29 UTC] PHP Warning:  Undefined array key "HTTP_HOST" in C:\Users\raymo\Local Sites\website2\app\public\wp-includes\functions.php on line 6239
[20-Mar-2024 15:45:23 UTC] PHP Fatal error:  Uncaught TypeError: array_key_exists(): Argument #2 ($array) must be of type array, string given in C:\Users\raymo\Local Sites\website2\app\public\wp-content\plugins\simply-static\src\class-ss-util.php:540
Stack trace:
#0 C:\Users\raymo\Local Sites\website2\app\public\wp-content\plugins\simply-static\src\class-ss-util.php(540): array_key_exists('cancel', '')
#1 C:\Users\raymo\Local Sites\website2\app\public\wp-content\plugins\simply-static\src\tasks\class-ss-task.php(46): Simply_Static\Util::add_archive_status_message('', 'cancel', 'Cancelling job')
#2 C:\Users\raymo\Local Sites\website2\app\public\wp-content\plugins\simply-static\src\tasks\class-ss-cancel-task.php(22): Simply_Static\Task->save_status_message('Cancelling job')
#3 C:\Users\raymo\Local Sites\website2\app\public\wp-content\plugins\simply-static\src\class-ss-archive-creation-job.php(150): Simply_Static\Cancel_Task->perform()
#4 C:\Users\raymo\Local Sites\website2\app\public\wp-content\plugins\simply-static\vendor\a5hleyrich\wp-background-processing\classes\wp-background-process.php(516): Simply_Static\Archive_Creation_Job->task('cancel')
#5 C:\Users\raymo\Local Sites\website2\app\public\wp-content\plugins\simply-static\vendor\a5hleyrich\wp-background-processing\classes\wp-background-process.php(333): WP_Background_Process->handle()
#6 C:\Users\raymo\Local Sites\website2\app\public\wp-includes\class-wp-hook.php(324): WP_Background_Process->maybe_handle('')
#7 C:\Users\raymo\Local Sites\website2\app\public\wp-includes\class-wp-hook.php(348): WP_Hook->apply_filters('', Array)
#8 C:\Users\raymo\Local Sites\website2\app\public\wp-includes\plugin.php(517): WP_Hook->do_action(Array)
#9 C:\Users\raymo\Local Sites\website2\app\public\wp-admin\admin-ajax.php(188): do_action('wp_ajax_wp_arch...')
#10 {main}
  thrown in C:\Users\raymo\Local Sites\website2\app\public\wp-content\plugins\simply-static\src\class-ss-util.php on line 540
[20-Mar-2024 15:45:28 UTC] PHP Fatal error:  Uncaught TypeError: array_key_exists(): Argument #2 ($array) must be of type array, string given in C:\Users\raymo\Local Sites\website2\app\public\wp-content\plugins\simply-static\src\class-ss-util.php:540
Stack trace:
#0 C:\Users\raymo\Local Sites\website2\app\public\wp-content\plugins\simply-static\src\class-ss-util.php(540): array_key_exists('error', '')
#1 C:\Users\raymo\Local Sites\website2\app\public\wp-content\plugins\simply-static\src\class-ss-options.php(195): Simply_Static\Util::add_archive_status_message('', 'error', 'Error: (1) Unca...')
#2 C:\Users\raymo\Local Sites\website2\app\public\wp-content\plugins\simply-static\src\class-ss-archive-creation-job.php(318): Simply_Static\Options->add_status_message('Error: (1) Unca...', 'error')
#3 C:\Users\raymo\Local Sites\website2\app\public\wp-content\plugins\simply-static\src\class-ss-archive-creation-job.php(381): Simply_Static\Archive_Creation_Job->save_status_message('Error: (1) Unca...', 'error')
#4 [internal function]: Simply_Static\Archive_Creation_Job->shutdown_handler()
#5 {main}
  thrown in C:\Users\raymo\Local Sites\website2\app\public\wp-content\plugins\simply-static\src\class-ss-util.php on line 540
[20-Mar-2024 15:45:28 UTC] PHP Fatal error:  Uncaught TypeError: array_key_exists(): Argument #2 ($array) must be of type array, string given in C:\Users\raymo\Local Sites\website2\app\public\wp-content\plugins\simply-static\src\class-ss-util.php:540
Stack trace:
#0 C:\Users\raymo\Local Sites\website2\app\public\wp-content\plugins\simply-static\src\class-ss-util.php(540): array_key_exists('cancel', '')
#1 C:\Users\raymo\Local Sites\website2\app\public\wp-content\plugins\simply-static\src\tasks\class-ss-task.php(46): Simply_Static\Util::add_archive_status_message('', 'cancel', 'Cancelling job')
#2 C:\Users\raymo\Local Sites\website2\app\public\wp-content\plugins\simply-static\src\tasks\class-ss-cancel-task.php(22): Simply_Static\Task->save_status_message('Cancelling job')
#3 C:\Users\raymo\Local Sites\website2\app\public\wp-content\plugins\simply-static\src\class-ss-archive-creation-job.php(150): Simply_Static\Cancel_Task->perform()
#4 C:\Users\raymo\Local Sites\website2\app\public\wp-content\plugins\simply-static\vendor\a5hleyrich\wp-background-processing\classes\wp-background-process.php(516): Simply_Static\Archive_Creation_Job->task('cancel')
#5 C:\Users\raymo\Local Sites\website2\app\public\wp-content\plugins\simply-static\vendor\a5hleyrich\wp-background-processing\classes\wp-background-process.php(333): WP_Background_Process->handle()
#6 C:\Users\raymo\Local Sites\website2\app\public\wp-includes\class-wp-hook.php(324): WP_Background_Process->maybe_handle('')
#7 C:\Users\raymo\Local Sites\website2\app\public\wp-includes\class-wp-hook.php(348): WP_Hook->apply_filters('', Array)
#8 C:\Users\raymo\Local Sites\website2\app\public\wp-includes\plugin.php(517): WP_Hook->do_action(Array)
#9 C:\Users\raymo\Local Sites\website2\app\public\wp-admin\admin-ajax.php(203): do_action('wp_ajax_nopriv_...')
#10 {main}
  thrown in C:\Users\raymo\Local Sites\website2\app\public\wp-content\plugins\simply-static\src\class-ss-util.php on line 540
[20-Mar-2024 15:47:24 UTC] PHP Fatal error:  Uncaught TypeError: array_key_exists(): Argument #2 ($array) must be of type array, string given in C:\Users\raymo\Local Sites\website2\app\public\wp-content\plugins\simply-static\src\class-ss-util.php:540
Stack trace:
#0 C:\Users\raymo\Local Sites\website2\app\public\wp-content\plugins\simply-static\src\class-ss-util.php(540): array_key_exists('cancel', '')
#1 C:\Users\raymo\Local Sites\website2\app\public\wp-content\plugins\simply-static\src\tasks\class-ss-task.php(46): Simply_Static\Util::add_archive_status_message('', 'cancel', 'Cancelling job')
#2 C:\Users\raymo\Local Sites\website2\app\public\wp-content\plugins\simply-static\src\tasks\class-ss-cancel-task.php(22): Simply_Static\Task->save_status_message('Cancelling job')
#3 C:\Users\raymo\Local Sites\website2\app\public\wp-content\plugins\simply-static\src\class-ss-archive-creation-job.php(150): Simply_Static\Cancel_Task->perform()
#4 C:\Users\raymo\Local Sites\website2\app\public\wp-content\plugins\simply-static\vendor\a5hleyrich\wp-background-processing\classes\wp-background-process.php(516): Simply_Static\Archive_Creation_Job->task('cancel')
#5 C:\Users\raymo\Local Sites\website2\app\public\wp-content\plugins\simply-static\vendor\a5hleyrich\wp-background-processing\classes\wp-background-process.php(333): WP_Background_Process->handle()
#6 C:\Users\raymo\Local Sites\website2\app\public\wp-includes\class-wp-hook.php(324): WP_Background_Process->maybe_handle('')
#7 C:\Users\raymo\Local Sites\website2\app\public\wp-includes\class-wp-hook.php(348): WP_Hook->apply_filters('', Array)
#8 C:\Users\raymo\Local Sites\website2\app\public\wp-includes\plugin.php(517): WP_Hook->do_action(Array)
#9 C:\Users\raymo\Local Sites\website2\app\public\wp-admin\admin-ajax.php(188): do_action('wp_ajax_wp_arch...')
#10 {main}
  thrown in C:\Users\raymo\Local Sites\website2\app\public\wp-content\plugins\simply-static\src\class-ss-util.php on line 540
[20-Mar-2024 15:47:29 UTC] PHP Fatal error:  Uncaught TypeError: array_key_exists(): Argument #2 ($array) must be of type array, string given in C:\Users\raymo\Local Sites\website2\app\public\wp-content\plugins\simply-static\src\class-ss-util.php:540
Stack trace:
#0 C:\Users\raymo\Local Sites\website2\app\public\wp-content\plugins\simply-static\src\class-ss-util.php(540): array_key_exists('error', '')
#1 C:\Users\raymo\Local Sites\website2\app\public\wp-content\plugins\simply-static\src\class-ss-options.php(195): Simply_Static\Util::add_archive_status_message('', 'error', 'Error: (1) Unca...')
#2 C:\Users\raymo\Local Sites\website2\app\public\wp-content\plugins\simply-static\src\class-ss-archive-creation-job.php(318): Simply_Static\Options->add_status_message('Error: (1) Unca...', 'error')
#3 C:\Users\raymo\Local Sites\website2\app\public\wp-content\plugins\simply-static\src\class-ss-archive-creation-job.php(381): Simply_Static\Archive_Creation_Job->save_status_message('Error: (1) Unca...', 'error')
#4 [internal function]: Simply_Static\Archive_Creation_Job->shutdown_handler()
#5 {main}
  thrown in C:\Users\raymo\Local Sites\website2\app\public\wp-content\plugins\simply-static\src\class-ss-util.php on line 540
[20-Mar-2024 15:47:30 UTC] PHP Fatal error:  Uncaught TypeError: array_key_exists(): Argument #2 ($array) must be of type array, string given in C:\Users\raymo\Local Sites\website2\app\public\wp-content\plugins\simply-static\src\class-ss-util.php:540
Stack trace:
#0 C:\Users\raymo\Local Sites\website2\app\public\wp-content\plugins\simply-static\src\class-ss-util.php(540): array_key_exists('cancel', '')
#1 C:\Users\raymo\Local Sites\website2\app\public\wp-content\plugins\simply-static\src\tasks\class-ss-task.php(46): Simply_Static\Util::add_archive_status_message('', 'cancel', 'Cancelling job')
#2 C:\Users\raymo\Local Sites\website2\app\public\wp-content\plugins\simply-static\src\tasks\class-ss-cancel-task.php(22): Simply_Static\Task->save_status_message('Cancelling job')
#3 C:\Users\raymo\Local Sites\website2\app\public\wp-content\plugins\simply-static\src\class-ss-archive-creation-job.php(150): Simply_Static\Cancel_Task->perform()
#4 C:\Users\raymo\Local Sites\website2\app\public\wp-content\plugins\simply-static\vendor\a5hleyrich\wp-background-processing\classes\wp-background-process.php(516): Simply_Static\Archive_Creation_Job->task('cancel')
#5 C:\Users\raymo\Local Sites\website2\app\public\wp-content\plugins\simply-static\vendor\a5hleyrich\wp-background-processing\classes\wp-background-process.php(333): WP_Background_Process->handle()
#6 C:\Users\raymo\Local Sites\website2\app\public\wp-includes\class-wp-hook.php(324): WP_Background_Process->maybe_handle('')
#7 C:\Users\raymo\Local Sites\website2\app\public\wp-includes\class-wp-hook.php(348): WP_Hook->apply_filters('', Array)
#8 C:\Users\raymo\Local Sites\website2\app\public\wp-includes\plugin.php(517): WP_Hook->do_action(Array)
#9 C:\Users\raymo\Local Sites\website2\app\public\wp-admin\admin-ajax.php(188): do_action('wp_ajax_wp_arch...')
#10 {main}
  thrown in C:\Users\raymo\Local Sites\website2\app\public\wp-content\plugins\simply-static\src\class-ss-util.php on line 540
[20-Mar-2024 15:47:35 UTC] PHP Fatal error:  Uncaught TypeError: array_key_exists(): Argument #2 ($array) must be of type array, string given in C:\Users\raymo\Local Sites\website2\app\public\wp-content\plugins\simply-static\src\class-ss-util.php:540
Stack trace:
#0 C:\Users\raymo\Local Sites\website2\app\public\wp-content\plugins\simply-static\src\class-ss-util.php(540): array_key_exists('error', '')
#1 C:\Users\raymo\Local Sites\website2\app\public\wp-content\plugins\simply-static\src\class-ss-options.php(195): Simply_Static\Util::add_archive_status_message('', 'error', 'Error: (1) Unca...')
#2 C:\Users\raymo\Local Sites\website2\app\public\wp-content\plugins\simply-static\src\class-ss-archive-creation-job.php(318): Simply_Static\Options->add_status_message('Error: (1) Unca...', 'error')
#3 C:\Users\raymo\Local Sites\website2\app\public\wp-content\plugins\simply-static\src\class-ss-archive-creation-job.php(381): Simply_Static\Archive_Creation_Job->save_status_message('Error: (1) Unca...', 'error')
#4 [internal function]: Simply_Static\Archive_Creation_Job->shutdown_handler()
#5 {main}
  thrown in C:\Users\raymo\Local Sites\website2\app\public\wp-content\plugins\simply-static\src\class-ss-util.php on line 540
[20-Mar-2024 15:47:35 UTC] PHP Fatal error:  Uncaught TypeError: array_key_exists(): Argument #2 ($array) must be of type array, string given in C:\Users\raymo\Local Sites\website2\app\public\wp-content\plugins\simply-static\src\class-ss-util.php:540
Stack trace:
#0 C:\Users\raymo\Local Sites\website2\app\public\wp-content\plugins\simply-static\src\class-ss-util.php(540): array_key_exists('cancel', '')
#1 C:\Users\raymo\Local Sites\website2\app\public\wp-content\plugins\simply-static\src\tasks\class-ss-task.php(46): Simply_Static\Util::add_archive_status_message('', 'cancel', 'Cancelling job')
#2 C:\Users\raymo\Local Sites\website2\app\public\wp-content\plugins\simply-static\src\tasks\class-ss-cancel-task.php(22): Simply_Static\Task->save_status_message('Cancelling job')
#3 C:\Users\raymo\Local Sites\website2\app\public\wp-content\plugins\simply-static\src\class-ss-archive-creation-job.php(150): Simply_Static\Cancel_Task->perform()
#4 C:\Users\raymo\Local Sites\website2\app\public\wp-content\plugins\simply-static\vendor\a5hleyrich\wp-background-processing\classes\wp-background-process.php(516): Simply_Static\Archive_Creation_Job->task('cancel')
#5 C:\Users\raymo\Local Sites\website2\app\public\wp-content\plugins\simply-static\vendor\a5hleyrich\wp-background-processing\classes\wp-background-process.php(333): WP_Background_Process->handle()
#6 C:\Users\raymo\Local Sites\website2\app\public\wp-includes\class-wp-hook.php(324): WP_Background_Process->maybe_handle('')
#7 C:\Users\raymo\Local Sites\website2\app\public\wp-includes\class-wp-hook.php(348): WP_Hook->apply_filters('', Array)
#8 C:\Users\raymo\Local Sites\website2\app\public\wp-includes\plugin.php(517): WP_Hook->do_action(Array)
#9 C:\Users\raymo\Local Sites\website2\app\public\wp-admin\admin-ajax.php(203): do_action('wp_ajax_nopriv_...')
#10 {main}
  thrown in C:\Users\raymo\Local Sites\website2\app\public\wp-content\plugins\simply-static\src\class-ss-util.php on line 540
[20-Mar-2024 15:52:15 UTC] PHP Warning:  copy(C:/Users/raymo/Documents/GitHub/Website2/wp-json/wp/v2/posts/1/index.html): Failed to open stream: No such file or directory in C:\Users\raymo\Local Sites\website2\app\public\wp-content\plugins\simply-static\src\tasks\class-ss-transfer-files-locally-task.php on line 94
[20-Mar-2024 15:54:43 UTC] PHP Warning:  copy(C:/Users/raymo/Documents/GitHub/Website2/wp-json/wp/v2/categories/1/index.html): Failed to open stream: No such file or directory in C:\Users\raymo\Local Sites\website2\app\public\wp-content\plugins\simply-static\src\tasks\class-ss-transfer-files-locally-task.php on line 94
[20-Mar-2024 16:05:26 UTC] PHP Warning:  copy(C:/Users/raymo/Documents/GitHub/Website2/wp-json/wp/v2/users/1/index.html): Failed to open stream: No such file or directory in C:\Users\raymo\Local Sites\website2\app\public\wp-content\plugins\simply-static\src\tasks\class-ss-transfer-files-locally-task.php on line 94
[20-Mar-2024 16:31:15 UTC] PHP Warning:  unlink(C:\Users\raymo\Documents\GitHub\Website2\.git\objects\00\1cf7d224ffab0c827343cf4115add3ea474fba): Permission denied in C:\Users\raymo\Local Sites\website2\app\public\wp-content\plugins\simply-static\src\tasks\class-ss-transfer-files-locally-task.php on line 140
[20-Mar-2024 16:32:05 UTC] PHP Warning:  unlink(C:\Users\raymo\Documents\GitHub\Website2\.git\objects\pack\pack-f91cedf11b48cd24d6297d22ea2fe1560a59c223.idx): Permission denied in C:\Users\raymo\Local Sites\website2\app\public\wp-content\plugins\simply-static\src\tasks\class-ss-transfer-files-locally-task.php on line 140
[20-Mar-2024 17:20:30 UTC] PHP Fatal error:  Uncaught TypeError: array_key_exists(): Argument #2 ($array) must be of type array, string given in C:\Users\raymo\Local Sites\website2\app\public\wp-content\plugins\simply-static\src\class-ss-util.php:540
Stack trace:
#0 C:\Users\raymo\Local Sites\website2\app\public\wp-content\plugins\simply-static\src\class-ss-util.php(540): array_key_exists('cancel', '')
#1 C:\Users\raymo\Local Sites\website2\app\public\wp-content\plugins\simply-static\src\tasks\class-ss-task.php(46): Simply_Static\Util::add_archive_status_message('', 'cancel', 'Cancelling job')
#2 C:\Users\raymo\Local Sites\website2\app\public\wp-content\plugins\simply-static\src\tasks\class-ss-cancel-task.php(22): Simply_Static\Task->save_status_message('Cancelling job')
#3 C:\Users\raymo\Local Sites\website2\app\public\wp-content\plugins\simply-static\src\class-ss-archive-creation-job.php(150): Simply_Static\Cancel_Task->perform()
#4 C:\Users\raymo\Local Sites\website2\app\public\wp-content\plugins\simply-static\vendor\a5hleyrich\wp-background-processing\classes\wp-background-process.php(516): Simply_Static\Archive_Creation_Job->task('cancel')
#5 C:\Users\raymo\Local Sites\website2\app\public\wp-content\plugins\simply-static\vendor\a5hleyrich\wp-background-processing\classes\wp-background-process.php(333): WP_Background_Process->handle()
#6 C:\Users\raymo\Local Sites\website2\app\public\wp-includes\class-wp-hook.php(324): WP_Background_Process->maybe_handle('')
#7 C:\Users\raymo\Local Sites\website2\app\public\wp-includes\class-wp-hook.php(348): WP_Hook->apply_filters('', Array)
#8 C:\Users\raymo\Local Sites\website2\app\public\wp-includes\plugin.php(517): WP_Hook->do_action(Array)
#9 C:\Users\raymo\Local Sites\website2\app\public\wp-admin\admin-ajax.php(188): do_action('wp_ajax_wp_arch...')
#10 {main}
  thrown in C:\Users\raymo\Local Sites\website2\app\public\wp-content\plugins\simply-static\src\class-ss-util.php on line 540
[20-Mar-2024 17:20:35 UTC] PHP Fatal error:  Uncaught TypeError: array_key_exists(): Argument #2 ($array) must be of type array, string given in C:\Users\raymo\Local Sites\website2\app\public\wp-content\plugins\simply-static\src\class-ss-util.php:540
Stack trace:
#0 C:\Users\raymo\Local Sites\website2\app\public\wp-content\plugins\simply-static\src\class-ss-util.php(540): array_key_exists('error', '')
#1 C:\Users\raymo\Local Sites\website2\app\public\wp-content\plugins\simply-static\src\class-ss-options.php(195): Simply_Static\Util::add_archive_status_message('', 'error', 'Error: (1) Unca...')
#2 C:\Users\raymo\Local Sites\website2\app\public\wp-content\plugins\simply-static\src\class-ss-archive-creation-job.php(318): Simply_Static\Options->add_status_message('Error: (1) Unca...', 'error')
#3 C:\Users\raymo\Local Sites\website2\app\public\wp-content\plugins\simply-static\src\class-ss-archive-creation-job.php(381): Simply_Static\Archive_Creation_Job->save_status_message('Error: (1) Unca...', 'error')
#4 [internal function]: Simply_Static\Archive_Creation_Job->shutdown_handler()
#5 {main}
  thrown in C:\Users\raymo\Local Sites\website2\app\public\wp-content\plugins\simply-static\src\class-ss-util.php on line 540
[20-Mar-2024 17:20:35 UTC] PHP Fatal error:  Uncaught TypeError: array_key_exists(): Argument #2 ($array) must be of type array, string given in C:\Users\raymo\Local Sites\website2\app\public\wp-content\plugins\simply-static\src\class-ss-util.php:540
Stack trace:
#0 C:\Users\raymo\Local Sites\website2\app\public\wp-content\plugins\simply-static\src\class-ss-util.php(540): array_key_exists('cancel', '')
#1 C:\Users\raymo\Local Sites\website2\app\public\wp-content\plugins\simply-static\src\tasks\class-ss-task.php(46): Simply_Static\Util::add_archive_status_message('', 'cancel', 'Cancelling job')
#2 C:\Users\raymo\Local Sites\website2\app\public\wp-content\plugins\simply-static\src\tasks\class-ss-cancel-task.php(22): Simply_Static\Task->save_status_message('Cancelling job')
#3 C:\Users\raymo\Local Sites\website2\app\public\wp-content\plugins\simply-static\src\class-ss-archive-creation-job.php(150): Simply_Static\Cancel_Task->perform()
#4 C:\Users\raymo\Local Sites\website2\app\public\wp-content\plugins\simply-static\vendor\a5hleyrich\wp-background-processing\classes\wp-background-process.php(516): Simply_Static\Archive_Creation_Job->task('cancel')
#5 C:\Users\raymo\Local Sites\website2\app\public\wp-content\plugins\simply-static\vendor\a5hleyrich\wp-background-processing\classes\wp-background-process.php(333): WP_Background_Process->handle()
#6 C:\Users\raymo\Local Sites\website2\app\public\wp-includes\class-wp-hook.php(324): WP_Background_Process->maybe_handle('')
#7 C:\Users\raymo\Local Sites\website2\app\public\wp-includes\class-wp-hook.php(348): WP_Hook->apply_filters('', Array)
#8 C:\Users\raymo\Local Sites\website2\app\public\wp-includes\plugin.php(517): WP_Hook->do_action(Array)
#9 C:\Users\raymo\Local Sites\website2\app\public\wp-admin\admin-ajax.php(188): do_action('wp_ajax_wp_arch...')
#10 {main}
  thrown in C:\Users\raymo\Local Sites\website2\app\public\wp-content\plugins\simply-static\src\class-ss-util.php on line 540
[20-Mar-2024 17:31:25 UTC] PHP Warning:  copy(C:/Users/raymo/Documents/GitHub/Website2/portfolio/index.html): Failed to open stream: No such file or directory in C:\Users\raymo\Local Sites\website2\app\public\wp-content\plugins\simply-static\src\tasks\class-ss-transfer-files-locally-task.php on line 94
[20-Mar-2024 17:31:25 UTC] PHP Warning:  copy(C:/Users/raymo/Documents/GitHub/Website2/aircraft/index.html): Failed to open stream: No such file or directory in C:\Users\raymo\Local Sites\website2\app\public\wp-content\plugins\simply-static\src\tasks\class-ss-transfer-files-locally-task.php on line 94
[20-Mar-2024 17:31:25 UTC] PHP Warning:  copy(C:/Users/raymo/Documents/GitHub/Website2/contact/index.html): Failed to open stream: No such file or directory in C:\Users\raymo\Local Sites\website2\app\public\wp-content\plugins\simply-static\src\tasks\class-ss-transfer-files-locally-task.php on line 94
[20-Mar-2024 17:31:26 UTC] PHP Warning:  copy(C:/Users/raymo/Documents/GitHub/Website2/wp-json/wp/v2/pages/392/index.html): Failed to open stream: No such file or directory in C:\Users\raymo\Local Sites\website2\app\public\wp-content\plugins\simply-static\src\tasks\class-ss-transfer-files-locally-task.php on line 94
[20-Mar-2024 17:56:28 UTC] PHP Fatal error:  Uncaught TypeError: array_key_exists(): Argument #2 ($array) must be of type array, string given in C:\Users\raymo\Local Sites\website2\app\public\wp-content\plugins\simply-static\src\class-ss-util.php:540
Stack trace:
#0 C:\Users\raymo\Local Sites\website2\app\public\wp-content\plugins\simply-static\src\class-ss-util.php(540): array_key_exists('cancel', '')
#1 C:\Users\raymo\Local Sites\website2\app\public\wp-content\plugins\simply-static\src\tasks\class-ss-task.php(46): Simply_Static\Util::add_archive_status_message('', 'cancel', 'Cancelling job')
#2 C:\Users\raymo\Local Sites\website2\app\public\wp-content\plugins\simply-static\src\tasks\class-ss-cancel-task.php(22): Simply_Static\Task->save_status_message('Cancelling job')
#3 C:\Users\raymo\Local Sites\website2\app\public\wp-content\plugins\simply-static\src\class-ss-archive-creation-job.php(150): Simply_Static\Cancel_Task->perform()
#4 C:\Users\raymo\Local Sites\website2\app\public\wp-content\plugins\simply-static\vendor\a5hleyrich\wp-background-processing\classes\wp-background-process.php(516): Simply_Static\Archive_Creation_Job->task('cancel')
#5 C:\Users\raymo\Local Sites\website2\app\public\wp-content\plugins\simply-static\vendor\a5hleyrich\wp-background-processing\classes\wp-background-process.php(333): WP_Background_Process->handle()
#6 C:\Users\raymo\Local Sites\website2\app\public\wp-includes\class-wp-hook.php(324): WP_Background_Process->maybe_handle('')
#7 C:\Users\raymo\Local Sites\website2\app\public\wp-includes\class-wp-hook.php(348): WP_Hook->apply_filters('', Array)
#8 C:\Users\raymo\Local Sites\website2\app\public\wp-includes\plugin.php(517): WP_Hook->do_action(Array)
#9 C:\Users\raymo\Local Sites\website2\app\public\wp-admin\admin-ajax.php(188): do_action('wp_ajax_wp_arch...')
#10 {main}
  thrown in C:\Users\raymo\Local Sites\website2\app\public\wp-content\plugins\simply-static\src\class-ss-util.php on line 540
[20-Mar-2024 17:56:33 UTC] PHP Fatal error:  Uncaught TypeError: array_key_exists(): Argument #2 ($array) must be of type array, string given in C:\Users\raymo\Local Sites\website2\app\public\wp-content\plugins\simply-static\src\class-ss-util.php:540
Stack trace:
#0 C:\Users\raymo\Local Sites\website2\app\public\wp-content\plugins\simply-static\src\class-ss-util.php(540): array_key_exists('error', '')
#1 C:\Users\raymo\Local Sites\website2\app\public\wp-content\plugins\simply-static\src\class-ss-options.php(195): Simply_Static\Util::add_archive_status_message('', 'error', 'Error: (1) Unca...')
#2 C:\Users\raymo\Local Sites\website2\app\public\wp-content\plugins\simply-static\src\class-ss-archive-creation-job.php(318): Simply_Static\Options->add_status_message('Error: (1) Unca...', 'error')
#3 C:\Users\raymo\Local Sites\website2\app\public\wp-content\plugins\simply-static\src\class-ss-archive-creation-job.php(381): Simply_Static\Archive_Creation_Job->save_status_message('Error: (1) Unca...', 'error')
#4 [internal function]: Simply_Static\Archive_Creation_Job->shutdown_handler()
#5 {main}
  thrown in C:\Users\raymo\Local Sites\website2\app\public\wp-content\plugins\simply-static\src\class-ss-util.php on line 540
[20-Mar-2024 17:56:34 UTC] PHP Fatal error:  Uncaught TypeError: array_key_exists(): Argument #2 ($array) must be of type array, string given in C:\Users\raymo\Local Sites\website2\app\public\wp-content\plugins\simply-static\src\class-ss-util.php:540
Stack trace:
#0 C:\Users\raymo\Local Sites\website2\app\public\wp-content\plugins\simply-static\src\class-ss-util.php(540): array_key_exists('cancel', '')
#1 C:\Users\raymo\Local Sites\website2\app\public\wp-content\plugins\simply-static\src\tasks\class-ss-task.php(46): Simply_Static\Util::add_archive_status_message('', 'cancel', 'Cancelling job')
#2 C:\Users\raymo\Local Sites\website2\app\public\wp-content\plugins\simply-static\src\tasks\class-ss-cancel-task.php(22): Simply_Static\Task->save_status_message('Cancelling job')
#3 C:\Users\raymo\Local Sites\website2\app\public\wp-content\plugins\simply-static\src\class-ss-archive-creation-job.php(150): Simply_Static\Cancel_Task->perform()
#4 C:\Users\raymo\Local Sites\website2\app\public\wp-content\plugins\simply-static\vendor\a5hleyrich\wp-background-processing\classes\wp-background-process.php(516): Simply_Static\Archive_Creation_Job->task('cancel')
#5 C:\Users\raymo\Local Sites\website2\app\public\wp-content\plugins\simply-static\vendor\a5hleyrich\wp-background-processing\classes\wp-background-process.php(333): WP_Background_Process->handle()
#6 C:\Users\raymo\Local Sites\website2\app\public\wp-includes\class-wp-hook.php(324): WP_Background_Process->maybe_handle('')
#7 C:\Users\raymo\Local Sites\website2\app\public\wp-includes\class-wp-hook.php(348): WP_Hook->apply_filters('', Array)
#8 C:\Users\raymo\Local Sites\website2\app\public\wp-includes\plugin.php(517): WP_Hook->do_action(Array)
#9 C:\Users\raymo\Local Sites\website2\app\public\wp-admin\admin-ajax.php(203): do_action('wp_ajax_nopriv_...')
#10 {main}
  thrown in C:\Users\raymo\Local Sites\website2\app\public\wp-content\plugins\simply-static\src\class-ss-util.php on line 540
[20-Mar-2024 18:00:08 UTC] PHP Fatal error:  Uncaught TypeError: array_key_exists(): Argument #2 ($array) must be of type array, string given in C:\Users\raymo\Local Sites\website2\app\public\wp-content\plugins\simply-static\src\class-ss-util.php:540
Stack trace:
#0 C:\Users\raymo\Local Sites\website2\app\public\wp-content\plugins\simply-static\src\class-ss-util.php(540): array_key_exists('cancel', '')
#1 C:\Users\raymo\Local Sites\website2\app\public\wp-content\plugins\simply-static\src\tasks\class-ss-task.php(46): Simply_Static\Util::add_archive_status_message('', 'cancel', 'Cancelling job')
#2 C:\Users\raymo\Local Sites\website2\app\public\wp-content\plugins\simply-static\src\tasks\class-ss-cancel-task.php(22): Simply_Static\Task->save_status_message('Cancelling job')
#3 C:\Users\raymo\Local Sites\website2\app\public\wp-content\plugins\simply-static\src\class-ss-archive-creation-job.php(150): Simply_Static\Cancel_Task->perform()
#4 C:\Users\raymo\Local Sites\website2\app\public\wp-content\plugins\simply-static\vendor\a5hleyrich\wp-background-processing\classes\wp-background-process.php(516): Simply_Static\Archive_Creation_Job->task('cancel')
#5 C:\Users\raymo\Local Sites\website2\app\public\wp-content\plugins\simply-static\vendor\a5hleyrich\wp-background-processing\classes\wp-background-process.php(333): WP_Background_Process->handle()
#6 C:\Users\raymo\Local Sites\website2\app\public\wp-includes\class-wp-hook.php(324): WP_Background_Process->maybe_handle('')
#7 C:\Users\raymo\Local Sites\website2\app\public\wp-includes\class-wp-hook.php(348): WP_Hook->apply_filters('', Array)
#8 C:\Users\raymo\Local Sites\website2\app\public\wp-includes\plugin.php(517): WP_Hook->do_action(Array)
#9 C:\Users\raymo\Local Sites\website2\app\public\wp-admin\admin-ajax.php(188): do_action('wp_ajax_wp_arch...')
#10 {main}
  thrown in C:\Users\raymo\Local Sites\website2\app\public\wp-content\plugins\simply-static\src\class-ss-util.php on line 540
[20-Mar-2024 18:00:13 UTC] PHP Fatal error:  Uncaught TypeError: array_key_exists(): Argument #2 ($array) must be of type array, string given in C:\Users\raymo\Local Sites\website2\app\public\wp-content\plugins\simply-static\src\class-ss-util.php:540
Stack trace:
#0 C:\Users\raymo\Local Sites\website2\app\public\wp-content\plugins\simply-static\src\class-ss-util.php(540): array_key_exists('error', '')
#1 C:\Users\raymo\Local Sites\website2\app\public\wp-content\plugins\simply-static\src\class-ss-options.php(195): Simply_Static\Util::add_archive_status_message('', 'error', 'Error: (1) Unca...')
#2 C:\Users\raymo\Local Sites\website2\app\public\wp-content\plugins\simply-static\src\class-ss-archive-creation-job.php(318): Simply_Static\Options->add_status_message('Error: (1) Unca...', 'error')
#3 C:\Users\raymo\Local Sites\website2\app\public\wp-content\plugins\simply-static\src\class-ss-archive-creation-job.php(381): Simply_Static\Archive_Creation_Job->save_status_message('Error: (1) Unca...', 'error')
#4 [internal function]: Simply_Static\Archive_Creation_Job->shutdown_handler()
#5 {main}
  thrown in C:\Users\raymo\Local Sites\website2\app\public\wp-content\plugins\simply-static\src\class-ss-util.php on line 540
[20-Mar-2024 18:00:14 UTC] PHP Fatal error:  Uncaught TypeError: array_key_exists(): Argument #2 ($array) must be of type array, string given in C:\Users\raymo\Local Sites\website2\app\public\wp-content\plugins\simply-static\src\class-ss-util.php:540
Stack trace:
#0 C:\Users\raymo\Local Sites\website2\app\public\wp-content\plugins\simply-static\src\class-ss-util.php(540): array_key_exists('cancel', '')
#1 C:\Users\raymo\Local Sites\website2\app\public\wp-content\plugins\simply-static\src\tasks\class-ss-task.php(46): Simply_Static\Util::add_archive_status_message('', 'cancel', 'Cancelling job')
#2 C:\Users\raymo\Local Sites\website2\app\public\wp-content\plugins\simply-static\src\tasks\class-ss-cancel-task.php(22): Simply_Static\Task->save_status_message('Cancelling job')
#3 C:\Users\raymo\Local Sites\website2\app\public\wp-content\plugins\simply-static\src\class-ss-archive-creation-job.php(150): Simply_Static\Cancel_Task->perform()
#4 C:\Users\raymo\Local Sites\website2\app\public\wp-content\plugins\simply-static\vendor\a5hleyrich\wp-background-processing\classes\wp-background-process.php(516): Simply_Static\Archive_Creation_Job->task('cancel')
#5 C:\Users\raymo\Local Sites\website2\app\public\wp-content\plugins\simply-static\vendor\a5hleyrich\wp-background-processing\classes\wp-background-process.php(333): WP_Background_Process->handle()
#6 C:\Users\raymo\Local Sites\website2\app\public\wp-includes\class-wp-hook.php(324): WP_Background_Process->maybe_handle('')
#7 C:\Users\raymo\Local Sites\website2\app\public\wp-includes\class-wp-hook.php(348): WP_Hook->apply_filters('', Array)
#8 C:\Users\raymo\Local Sites\website2\app\public\wp-includes\plugin.php(517): WP_Hook->do_action(Array)
#9 C:\Users\raymo\Local Sites\website2\app\public\wp-admin\admin-ajax.php(188): do_action('wp_ajax_wp_arch...')
#10 {main}
  thrown in C:\Users\raymo\Local Sites\website2\app\public\wp-content\plugins\simply-static\src\class-ss-util.php on line 540
[20-Mar-2024 18:00:14 UTC] PHP Fatal error:  Uncaught TypeError: array_key_exists(): Argument #2 ($array) must be of type array, string given in C:\Users\raymo\Local Sites\website2\app\public\wp-content\plugins\simply-static\src\class-ss-util.php:540
Stack trace:
#0 C:\Users\raymo\Local Sites\website2\app\public\wp-content\plugins\simply-static\src\class-ss-util.php(540): array_key_exists('cancel', '')
#1 C:\Users\raymo\Local Sites\website2\app\public\wp-content\plugins\simply-static\src\tasks\class-ss-task.php(46): Simply_Static\Util::add_archive_status_message('', 'cancel', 'Cancelling job')
#2 C:\Users\raymo\Local Sites\website2\app\public\wp-content\plugins\simply-static\src\tasks\class-ss-cancel-task.php(22): Simply_Static\Task->save_status_message('Cancelling job')
#3 C:\Users\raymo\Local Sites\website2\app\public\wp-content\plugins\simply-static\src\class-ss-archive-creation-job.php(150): Simply_Static\Cancel_Task->perform()
#4 C:\Users\raymo\Local Sites\website2\app\public\wp-content\plugins\simply-static\vendor\a5hleyrich\wp-background-processing\classes\wp-background-process.php(516): Simply_Static\Archive_Creation_Job->task('cancel')
#5 C:\Users\raymo\Local Sites\website2\app\public\wp-content\plugins\simply-static\vendor\a5hleyrich\wp-background-processing\classes\wp-background-process.php(333): WP_Background_Process->handle()
#6 C:\Users\raymo\Local Sites\website2\app\public\wp-includes\class-wp-hook.php(324): WP_Background_Process->maybe_handle('')
#7 C:\Users\raymo\Local Sites\website2\app\public\wp-includes\class-wp-hook.php(348): WP_Hook->apply_filters('', Array)
#8 C:\Users\raymo\Local Sites\website2\app\public\wp-includes\plugin.php(517): WP_Hook->do_action(Array)
#9 C:\Users\raymo\Local Sites\website2\app\public\wp-admin\admin-ajax.php(188): do_action('wp_ajax_wp_arch...')
#10 {main}
  thrown in C:\Users\raymo\Local Sites\website2\app\public\wp-content\plugins\simply-static\src\class-ss-util.php on line 540
[20-Mar-2024 18:00:14 UTC] PHP Fatal error:  Uncaught TypeError: array_key_exists(): Argument #2 ($array) must be of type array, string given in C:\Users\raymo\Local Sites\website2\app\public\wp-content\plugins\simply-static\src\class-ss-util.php:540
Stack trace:
#0 C:\Users\raymo\Local Sites\website2\app\public\wp-content\plugins\simply-static\src\class-ss-util.php(540): array_key_exists('error', '')
#1 C:\Users\raymo\Local Sites\website2\app\public\wp-content\plugins\simply-static\src\class-ss-options.php(195): Simply_Static\Util::add_archive_status_message('', 'error', 'Error: (1) Unca...')
#2 C:\Users\raymo\Local Sites\website2\app\public\wp-content\plugins\simply-static\src\class-ss-archive-creation-job.php(318): Simply_Static\Options->add_status_message('Error: (1) Unca...', 'error')
#3 C:\Users\raymo\Local Sites\website2\app\public\wp-content\plugins\simply-static\src\class-ss-archive-creation-job.php(381): Simply_Static\Archive_Creation_Job->save_status_message('Error: (1) Unca...', 'error')
#4 [internal function]: Simply_Static\Archive_Creation_Job->shutdown_handler()
#5 {main}
  thrown in C:\Users\raymo\Local Sites\website2\app\public\wp-content\plugins\simply-static\src\class-ss-util.php on line 540
[20-Mar-2024 18:02:15 UTC] PHP Fatal error:  Uncaught TypeError: array_key_exists(): Argument #2 ($array) must be of type array, string given in C:\Users\raymo\Local Sites\website2\app\public\wp-content\plugins\simply-static\src\class-ss-util.php:540
Stack trace:
#0 C:\Users\raymo\Local Sites\website2\app\public\wp-content\plugins\simply-static\src\class-ss-util.php(540): array_key_exists('cancel', '')
#1 C:\Users\raymo\Local Sites\website2\app\public\wp-content\plugins\simply-static\src\tasks\class-ss-task.php(46): Simply_Static\Util::add_archive_status_message('', 'cancel', 'Cancelling job')
#2 C:\Users\raymo\Local Sites\website2\app\public\wp-content\plugins\simply-static\src\tasks\class-ss-cancel-task.php(22): Simply_Static\Task->save_status_message('Cancelling job')
#3 C:\Users\raymo\Local Sites\website2\app\public\wp-content\plugins\simply-static\src\class-ss-archive-creation-job.php(150): Simply_Static\Cancel_Task->perform()
#4 C:\Users\raymo\Local Sites\website2\app\public\wp-content\plugins\simply-static\vendor\a5hleyrich\wp-background-processing\classes\wp-background-process.php(516): Simply_Static\Archive_Creation_Job->task('cancel')
#5 C:\Users\raymo\Local Sites\website2\app\public\wp-content\plugins\simply-static\vendor\a5hleyrich\wp-background-processing\classes\wp-background-process.php(333): WP_Background_Process->handle()
#6 C:\Users\raymo\Local Sites\website2\app\public\wp-includes\class-wp-hook.php(324): WP_Background_Process->maybe_handle('')
#7 C:\Users\raymo\Local Sites\website2\app\public\wp-includes\class-wp-hook.php(348): WP_Hook->apply_filters('', Array)
#8 C:\Users\raymo\Local Sites\website2\app\public\wp-includes\plugin.php(517): WP_Hook->do_action(Array)
#9 C:\Users\raymo\Local Sites\website2\app\public\wp-admin\admin-ajax.php(188): do_action('wp_ajax_wp_arch...')
#10 {main}
  thrown in C:\Users\raymo\Local Sites\website2\app\public\wp-content\plugins\simply-static\src\class-ss-util.php on line 540
[20-Mar-2024 18:02:20 UTC] PHP Fatal error:  Uncaught TypeError: array_key_exists(): Argument #2 ($array) must be of type array, string given in C:\Users\raymo\Local Sites\website2\app\public\wp-content\plugins\simply-static\src\class-ss-util.php:540
Stack trace:
#0 C:\Users\raymo\Local Sites\website2\app\public\wp-content\plugins\simply-static\src\class-ss-util.php(540): array_key_exists('error', '')
#1 C:\Users\raymo\Local Sites\website2\app\public\wp-content\plugins\simply-static\src\class-ss-options.php(195): Simply_Static\Util::add_archive_status_message('', 'error', 'Error: (1) Unca...')
#2 C:\Users\raymo\Local Sites\website2\app\public\wp-content\plugins\simply-static\src\class-ss-archive-creation-job.php(318): Simply_Static\Options->add_status_message('Error: (1) Unca...', 'error')
#3 C:\Users\raymo\Local Sites\website2\app\public\wp-content\plugins\simply-static\src\class-ss-archive-creation-job.php(381): Simply_Static\Archive_Creation_Job->save_status_message('Error: (1) Unca...', 'error')
#4 [internal function]: Simply_Static\Archive_Creation_Job->shutdown_handler()
#5 {main}
  thrown in C:\Users\raymo\Local Sites\website2\app\public\wp-content\plugins\simply-static\src\class-ss-util.php on line 540
[20-Mar-2024 18:02:21 UTC] PHP Fatal error:  Uncaught TypeError: array_key_exists(): Argument #2 ($array) must be of type array, string given in C:\Users\raymo\Local Sites\website2\app\public\wp-content\plugins\simply-static\src\class-ss-util.php:540
Stack trace:
#0 C:\Users\raymo\Local Sites\website2\app\public\wp-content\plugins\simply-static\src\class-ss-util.php(540): array_key_exists('cancel', '')
#1 C:\Users\raymo\Local Sites\website2\app\public\wp-content\plugins\simply-static\src\tasks\class-ss-task.php(46): Simply_Static\Util::add_archive_status_message('', 'cancel', 'Cancelling job')
#2 C:\Users\raymo\Local Sites\website2\app\public\wp-content\plugins\simply-static\src\tasks\class-ss-cancel-task.php(22): Simply_Static\Task->save_status_message('Cancelling job')
#3 C:\Users\raymo\Local Sites\website2\app\public\wp-content\plugins\simply-static\src\class-ss-archive-creation-job.php(150): Simply_Static\Cancel_Task->perform()
#4 C:\Users\raymo\Local Sites\website2\app\public\wp-content\plugins\simply-static\vendor\a5hleyrich\wp-background-processing\classes\wp-background-process.php(516): Simply_Static\Archive_Creation_Job->task('cancel')
#5 C:\Users\raymo\Local Sites\website2\app\public\wp-content\plugins\simply-static\vendor\a5hleyrich\wp-background-processing\classes\wp-background-process.php(333): WP_Background_Process->handle()
#6 C:\Users\raymo\Local Sites\website2\app\public\wp-includes\class-wp-hook.php(324): WP_Background_Process->maybe_handle('')
#7 C:\Users\raymo\Local Sites\website2\app\public\wp-includes\class-wp-hook.php(348): WP_Hook->apply_filters('', Array)
#8 C:\Users\raymo\Local Sites\website2\app\public\wp-includes\plugin.php(517): WP_Hook->do_action(Array)
#9 C:\Users\raymo\Local Sites\website2\app\public\wp-admin\admin-ajax.php(188): do_action('wp_ajax_wp_arch...')
#10 {main}
  thrown in C:\Users\raymo\Local Sites\website2\app\public\wp-content\plugins\simply-static\src\class-ss-util.php on line 540
[20-Mar-2024 18:02:26 UTC] PHP Fatal error:  Uncaught TypeError: array_key_exists(): Argument #2 ($array) must be of type array, string given in C:\Users\raymo\Local Sites\website2\app\public\wp-content\plugins\simply-static\src\class-ss-util.php:540
Stack trace:
#0 C:\Users\raymo\Local Sites\website2\app\public\wp-content\plugins\simply-static\src\class-ss-util.php(540): array_key_exists('error', '')
#1 C:\Users\raymo\Local Sites\website2\app\public\wp-content\plugins\simply-static\src\class-ss-options.php(195): Simply_Static\Util::add_archive_status_message('', 'error', 'Error: (1) Unca...')
#2 C:\Users\raymo\Local Sites\website2\app\public\wp-content\plugins\simply-static\src\class-ss-archive-creation-job.php(318): Simply_Static\Options->add_status_message('Error: (1) Unca...', 'error')
#3 C:\Users\raymo\Local Sites\website2\app\public\wp-content\plugins\simply-static\src\class-ss-archive-creation-job.php(381): Simply_Static\Archive_Creation_Job->save_status_message('Error: (1) Unca...', 'error')
#4 [internal function]: Simply_Static\Archive_Creation_Job->shutdown_handler()
#5 {main}
  thrown in C:\Users\raymo\Local Sites\website2\app\public\wp-content\plugins\simply-static\src\class-ss-util.php on line 540
[20-Mar-2024 18:02:26 UTC] PHP Fatal error:  Uncaught TypeError: array_key_exists(): Argument #2 ($array) must be of type array, string given in C:\Users\raymo\Local Sites\website2\app\public\wp-content\plugins\simply-static\src\class-ss-util.php:540
Stack trace:
#0 C:\Users\raymo\Local Sites\website2\app\public\wp-content\plugins\simply-static\src\class-ss-util.php(540): array_key_exists('cancel', '')
#1 C:\Users\raymo\Local Sites\website2\app\public\wp-content\plugins\simply-static\src\tasks\class-ss-task.php(46): Simply_Static\Util::add_archive_status_message('', 'cancel', 'Cancelling job')
#2 C:\Users\raymo\Local Sites\website2\app\public\wp-content\plugins\simply-static\src\tasks\class-ss-cancel-task.php(22): Simply_Static\Task->save_status_message('Cancelling job')
#3 C:\Users\raymo\Local Sites\website2\app\public\wp-content\plugins\simply-static\src\class-ss-archive-creation-job.php(150): Simply_Static\Cancel_Task->perform()
#4 C:\Users\raymo\Local Sites\website2\app\public\wp-content\plugins\simply-static\vendor\a5hleyrich\wp-background-processing\classes\wp-background-process.php(516): Simply_Static\Archive_Creation_Job->task('cancel')
#5 C:\Users\raymo\Local Sites\website2\app\public\wp-content\plugins\simply-static\vendor\a5hleyrich\wp-background-processing\classes\wp-background-process.php(333): WP_Background_Process->handle()
#6 C:\Users\raymo\Local Sites\website2\app\public\wp-includes\class-wp-hook.php(324): WP_Background_Process->maybe_handle('')
#7 C:\Users\raymo\Local Sites\website2\app\public\wp-includes\class-wp-hook.php(348): WP_Hook->apply_filters('', Array)
#8 C:\Users\raymo\Local Sites\website2\app\public\wp-includes\plugin.php(517): WP_Hook->do_action(Array)
#9 C:\Users\raymo\Local Sites\website2\app\public\wp-admin\admin-ajax.php(203): do_action('wp_ajax_nopriv_...')
#10 {main}
  thrown in C:\Users\raymo\Local Sites\website2\app\public\wp-content\plugins\simply-static\src\class-ss-util.php on line 540
[20-Mar-2024 18:07:48 UTC] Cron reschedule event error for hook: wp_archive_creation_job_cron, Error code: invalid_schedule, Error message: Event schedule does not exist., Data: {"schedule":"wp_archive_creation_job_cron_interval","args":[],"interval":300}
[20-Mar-2024 18:24:56 UTC] PHP Warning:  copy(C:/Users/raymo/Documents/GitHub/Website2/wp-json/wp/v2/pages/335/index.html): Failed to open stream: No such file or directory in C:\Users\raymo\Local Sites\website2\app\public\wp-content\plugins\simply-static\src\tasks\class-ss-transfer-files-locally-task.php on line 94
